time="2019-06-17T18:07:46+08:00" level=debug msg="OpenShift Installer v4.1.0-201905212232-dirty"
time="2019-06-17T18:07:46+08:00" level=debug msg="Built from commit 226288f70e78c0e2fbc077872cbcbb7e81a5d727"
time="2019-06-17T18:07:46+08:00" level=debug msg="Fetching \"Kubeconfig Admin Client\"..."
time="2019-06-17T18:07:46+08:00" level=debug msg="Loading \"Kubeconfig Admin Client\"..."
time="2019-06-17T18:07:46+08:00" level=debug msg="  Loading \"Certificate (admin-kubeconfig-client)\"..."
time="2019-06-17T18:07:46+08:00" level=debug msg="    Loading \"Certificate (admin-kubeconfig-signer)\"..."
time="2019-06-17T18:07:46+08:00" level=debug msg="  Loading \"Certificate (kube-apiserver-complete-server-ca-bundle)\"..."
time="2019-06-17T18:07:46+08:00" level=debug msg="    Loading \"Certificate (kube-apiserver-localhost-ca-bundle)\"..."
time="2019-06-17T18:07:46+08:00" level=debug msg="      Loading \"Certificate (kube-apiserver-localhost-signer)\"..."
time="2019-06-17T18:07:46+08:00" level=debug msg="    Loading \"Certificate (kube-apiserver-service-network-ca-bundle)\"..."
time="2019-06-17T18:07:46+08:00" level=debug msg="      Loading \"Certificate (kube-apiserver-service-network-signer)\"..."
time="2019-06-17T18:07:46+08:00" level=debug msg="    Loading \"Certificate (kube-apiserver-lb-ca-bundle)\"..."
time="2019-06-17T18:07:46+08:00" level=debug msg="      Loading \"Certificate (kube-apiserver-lb-signer)\"..."
time="2019-06-17T18:07:46+08:00" level=debug msg="  Loading \"Install Config\"..."
time="2019-06-17T18:07:46+08:00" level=debug msg="    Loading \"SSH Key\"..."
time="2019-06-17T18:07:46+08:00" level=debug msg="    Loading \"Base Domain\"..."
time="2019-06-17T18:07:46+08:00" level=debug msg="      Loading \"Platform\"..."
time="2019-06-17T18:07:46+08:00" level=debug msg="    Loading \"Cluster Name\"..."
time="2019-06-17T18:07:46+08:00" level=debug msg="      Loading \"Base Domain\"..."
time="2019-06-17T18:07:46+08:00" level=debug msg="    Loading \"Pull Secret\"..."
time="2019-06-17T18:07:46+08:00" level=debug msg="    Loading \"Platform\"..."
time="2019-06-17T18:07:46+08:00" level=debug msg="  Fetching \"Certificate (admin-kubeconfig-client)\"..."
time="2019-06-17T18:07:46+08:00" level=debug msg="    Fetching \"Certificate (admin-kubeconfig-signer)\"..."
time="2019-06-17T18:07:46+08:00" level=debug msg="    Generating \"Certificate (admin-kubeconfig-signer)\"..."
time="2019-06-17T18:07:46+08:00" level=debug msg="  Generating \"Certificate (admin-kubeconfig-client)\"..."
time="2019-06-17T18:07:47+08:00" level=debug msg="  Fetching \"Certificate (kube-apiserver-complete-server-ca-bundle)\"..."
time="2019-06-17T18:07:47+08:00" level=debug msg="    Fetching \"Certificate (kube-apiserver-localhost-ca-bundle)\"..."
time="2019-06-17T18:07:47+08:00" level=debug msg="      Fetching \"Certificate (kube-apiserver-localhost-signer)\"..."
time="2019-06-17T18:07:47+08:00" level=debug msg="      Generating \"Certificate (kube-apiserver-localhost-signer)\"..."
time="2019-06-17T18:07:47+08:00" level=debug msg="    Generating \"Certificate (kube-apiserver-localhost-ca-bundle)\"..."
time="2019-06-17T18:07:47+08:00" level=debug msg="    Fetching \"Certificate (kube-apiserver-service-network-ca-bundle)\"..."
time="2019-06-17T18:07:47+08:00" level=debug msg="      Fetching \"Certificate (kube-apiserver-service-network-signer)\"..."
time="2019-06-17T18:07:47+08:00" level=debug msg="      Generating \"Certificate (kube-apiserver-service-network-signer)\"..."
time="2019-06-17T18:07:47+08:00" level=debug msg="    Generating \"Certificate (kube-apiserver-service-network-ca-bundle)\"..."
time="2019-06-17T18:07:47+08:00" level=debug msg="    Fetching \"Certificate (kube-apiserver-lb-ca-bundle)\"..."
time="2019-06-17T18:07:47+08:00" level=debug msg="      Fetching \"Certificate (kube-apiserver-lb-signer)\"..."
time="2019-06-17T18:07:47+08:00" level=debug msg="      Generating \"Certificate (kube-apiserver-lb-signer)\"..."
time="2019-06-17T18:07:48+08:00" level=debug msg="    Generating \"Certificate (kube-apiserver-lb-ca-bundle)\"..."
time="2019-06-17T18:07:48+08:00" level=debug msg="  Generating \"Certificate (kube-apiserver-complete-server-ca-bundle)\"..."
time="2019-06-17T18:07:48+08:00" level=debug msg="  Fetching \"Install Config\"..."
time="2019-06-17T18:07:48+08:00" level=debug msg="    Fetching \"SSH Key\"..."
time="2019-06-17T18:07:48+08:00" level=debug msg="    Generating \"SSH Key\"..."
time="2019-06-17T18:08:02+08:00" level=debug msg="    Fetching \"Base Domain\"..."
time="2019-06-17T18:08:02+08:00" level=debug msg="      Fetching \"Platform\"..."
time="2019-06-17T18:08:02+08:00" level=debug msg="      Generating \"Platform\"..."
time="2019-06-17T18:08:25+08:00" level=fatal msg="failed to fetch Kubeconfig Admin Client: failed to fetch dependency of \"Kubeconfig Admin Client\": failed to fetch dependency of \"Install Config\": failed to fetch dependency of \"Base Domain\": failed to generate asset \"Platform\": interrupt"
time="2019-06-17T18:08:37+08:00" level=debug msg="OpenShift Installer v4.1.0-201905212232-dirty"
time="2019-06-17T18:08:37+08:00" level=debug msg="Built from commit 226288f70e78c0e2fbc077872cbcbb7e81a5d727"
time="2019-06-17T18:08:37+08:00" level=debug msg="Fetching \"Kubeconfig Admin Client\"..."
time="2019-06-17T18:08:37+08:00" level=debug msg="Loading \"Kubeconfig Admin Client\"..."
time="2019-06-17T18:08:37+08:00" level=debug msg="  Loading \"Certificate (admin-kubeconfig-client)\"..."
time="2019-06-17T18:08:37+08:00" level=debug msg="    Loading \"Certificate (admin-kubeconfig-signer)\"..."
time="2019-06-17T18:08:37+08:00" level=debug msg="  Loading \"Certificate (kube-apiserver-complete-server-ca-bundle)\"..."
time="2019-06-17T18:08:37+08:00" level=debug msg="    Loading \"Certificate (kube-apiserver-localhost-ca-bundle)\"..."
time="2019-06-17T18:08:37+08:00" level=debug msg="      Loading \"Certificate (kube-apiserver-localhost-signer)\"..."
time="2019-06-17T18:08:37+08:00" level=debug msg="    Loading \"Certificate (kube-apiserver-service-network-ca-bundle)\"..."
time="2019-06-17T18:08:37+08:00" level=debug msg="      Loading \"Certificate (kube-apiserver-service-network-signer)\"..."
time="2019-06-17T18:08:37+08:00" level=debug msg="    Loading \"Certificate (kube-apiserver-lb-ca-bundle)\"..."
time="2019-06-17T18:08:37+08:00" level=debug msg="      Loading \"Certificate (kube-apiserver-lb-signer)\"..."
time="2019-06-17T18:08:37+08:00" level=debug msg="  Loading \"Install Config\"..."
time="2019-06-17T18:08:37+08:00" level=debug msg="    Loading \"SSH Key\"..."
time="2019-06-17T18:08:37+08:00" level=debug msg="    Loading \"Base Domain\"..."
time="2019-06-17T18:08:37+08:00" level=debug msg="      Loading \"Platform\"..."
time="2019-06-17T18:08:37+08:00" level=debug msg="    Loading \"Cluster Name\"..."
time="2019-06-17T18:08:37+08:00" level=debug msg="      Loading \"Base Domain\"..."
time="2019-06-17T18:08:37+08:00" level=debug msg="    Loading \"Pull Secret\"..."
time="2019-06-17T18:08:37+08:00" level=debug msg="    Loading \"Platform\"..."
time="2019-06-17T18:08:37+08:00" level=debug msg="  Fetching \"Certificate (admin-kubeconfig-client)\"..."
time="2019-06-17T18:08:37+08:00" level=debug msg="    Fetching \"Certificate (admin-kubeconfig-signer)\"..."
time="2019-06-17T18:08:37+08:00" level=debug msg="    Generating \"Certificate (admin-kubeconfig-signer)\"..."
time="2019-06-17T18:08:38+08:00" level=debug msg="  Generating \"Certificate (admin-kubeconfig-client)\"..."
time="2019-06-17T18:08:38+08:00" level=debug msg="  Fetching \"Certificate (kube-apiserver-complete-server-ca-bundle)\"..."
time="2019-06-17T18:08:38+08:00" level=debug msg="    Fetching \"Certificate (kube-apiserver-localhost-ca-bundle)\"..."
time="2019-06-17T18:08:38+08:00" level=debug msg="      Fetching \"Certificate (kube-apiserver-localhost-signer)\"..."
time="2019-06-17T18:08:38+08:00" level=debug msg="      Generating \"Certificate (kube-apiserver-localhost-signer)\"..."
time="2019-06-17T18:08:38+08:00" level=debug msg="    Generating \"Certificate (kube-apiserver-localhost-ca-bundle)\"..."
time="2019-06-17T18:08:38+08:00" level=debug msg="    Fetching \"Certificate (kube-apiserver-service-network-ca-bundle)\"..."
time="2019-06-17T18:08:38+08:00" level=debug msg="      Fetching \"Certificate (kube-apiserver-service-network-signer)\"..."
time="2019-06-17T18:08:38+08:00" level=debug msg="      Generating \"Certificate (kube-apiserver-service-network-signer)\"..."
time="2019-06-17T18:08:38+08:00" level=debug msg="    Generating \"Certificate (kube-apiserver-service-network-ca-bundle)\"..."
time="2019-06-17T18:08:38+08:00" level=debug msg="    Fetching \"Certificate (kube-apiserver-lb-ca-bundle)\"..."
time="2019-06-17T18:08:38+08:00" level=debug msg="      Fetching \"Certificate (kube-apiserver-lb-signer)\"..."
time="2019-06-17T18:08:38+08:00" level=debug msg="      Generating \"Certificate (kube-apiserver-lb-signer)\"..."
time="2019-06-17T18:08:39+08:00" level=debug msg="    Generating \"Certificate (kube-apiserver-lb-ca-bundle)\"..."
time="2019-06-17T18:08:39+08:00" level=debug msg="  Generating \"Certificate (kube-apiserver-complete-server-ca-bundle)\"..."
time="2019-06-17T18:08:39+08:00" level=debug msg="  Fetching \"Install Config\"..."
time="2019-06-17T18:08:39+08:00" level=debug msg="    Fetching \"SSH Key\"..."
time="2019-06-17T18:08:39+08:00" level=debug msg="    Generating \"SSH Key\"..."
time="2019-06-17T18:08:43+08:00" level=debug msg="    Fetching \"Base Domain\"..."
time="2019-06-17T18:08:43+08:00" level=debug msg="      Fetching \"Platform\"..."
time="2019-06-17T18:08:43+08:00" level=debug msg="      Generating \"Platform\"..."
time="2019-06-17T18:08:47+08:00" level=fatal msg="failed to fetch Kubeconfig Admin Client: failed to fetch dependency of \"Kubeconfig Admin Client\": failed to fetch dependency of \"Install Config\": failed to fetch dependency of \"Base Domain\": failed to generate asset \"Platform\": interrupt"
time="2019-06-17T18:11:50+08:00" level=debug msg="OpenShift Installer v4.1.0-201905212232-dirty"
time="2019-06-17T18:11:50+08:00" level=debug msg="Built from commit 226288f70e78c0e2fbc077872cbcbb7e81a5d727"
time="2019-06-17T18:11:50+08:00" level=debug msg="Fetching \"Kubeconfig Admin Client\"..."
time="2019-06-17T18:11:50+08:00" level=debug msg="Loading \"Kubeconfig Admin Client\"..."
time="2019-06-17T18:11:50+08:00" level=debug msg="  Loading \"Certificate (admin-kubeconfig-client)\"..."
time="2019-06-17T18:11:50+08:00" level=debug msg="    Loading \"Certificate (admin-kubeconfig-signer)\"..."
time="2019-06-17T18:11:50+08:00" level=debug msg="  Loading \"Certificate (kube-apiserver-complete-server-ca-bundle)\"..."
time="2019-06-17T18:11:50+08:00" level=debug msg="    Loading \"Certificate (kube-apiserver-localhost-ca-bundle)\"..."
time="2019-06-17T18:11:50+08:00" level=debug msg="      Loading \"Certificate (kube-apiserver-localhost-signer)\"..."
time="2019-06-17T18:11:50+08:00" level=debug msg="    Loading \"Certificate (kube-apiserver-service-network-ca-bundle)\"..."
time="2019-06-17T18:11:50+08:00" level=debug msg="      Loading \"Certificate (kube-apiserver-service-network-signer)\"..."
time="2019-06-17T18:11:50+08:00" level=debug msg="    Loading \"Certificate (kube-apiserver-lb-ca-bundle)\"..."
time="2019-06-17T18:11:50+08:00" level=debug msg="      Loading \"Certificate (kube-apiserver-lb-signer)\"..."
time="2019-06-17T18:11:50+08:00" level=debug msg="  Loading \"Install Config\"..."
time="2019-06-17T18:11:50+08:00" level=debug msg="    Loading \"SSH Key\"..."
time="2019-06-17T18:11:50+08:00" level=debug msg="    Loading \"Base Domain\"..."
time="2019-06-17T18:11:50+08:00" level=debug msg="      Loading \"Platform\"..."
time="2019-06-17T18:11:50+08:00" level=debug msg="    Loading \"Cluster Name\"..."
time="2019-06-17T18:11:50+08:00" level=debug msg="      Loading \"Base Domain\"..."
time="2019-06-17T18:11:50+08:00" level=debug msg="    Loading \"Pull Secret\"..."
time="2019-06-17T18:11:50+08:00" level=debug msg="    Loading \"Platform\"..."
time="2019-06-17T18:11:50+08:00" level=debug msg="  Fetching \"Certificate (admin-kubeconfig-client)\"..."
time="2019-06-17T18:11:50+08:00" level=debug msg="    Fetching \"Certificate (admin-kubeconfig-signer)\"..."
time="2019-06-17T18:11:50+08:00" level=debug msg="    Generating \"Certificate (admin-kubeconfig-signer)\"..."
time="2019-06-17T18:11:50+08:00" level=debug msg="  Generating \"Certificate (admin-kubeconfig-client)\"..."
time="2019-06-17T18:11:51+08:00" level=debug msg="  Fetching \"Certificate (kube-apiserver-complete-server-ca-bundle)\"..."
time="2019-06-17T18:11:51+08:00" level=debug msg="    Fetching \"Certificate (kube-apiserver-localhost-ca-bundle)\"..."
time="2019-06-17T18:11:51+08:00" level=debug msg="      Fetching \"Certificate (kube-apiserver-localhost-signer)\"..."
time="2019-06-17T18:11:51+08:00" level=debug msg="      Generating \"Certificate (kube-apiserver-localhost-signer)\"..."
time="2019-06-17T18:11:51+08:00" level=debug msg="    Generating \"Certificate (kube-apiserver-localhost-ca-bundle)\"..."
time="2019-06-17T18:11:51+08:00" level=debug msg="    Fetching \"Certificate (kube-apiserver-service-network-ca-bundle)\"..."
time="2019-06-17T18:11:51+08:00" level=debug msg="      Fetching \"Certificate (kube-apiserver-service-network-signer)\"..."
time="2019-06-17T18:11:51+08:00" level=debug msg="      Generating \"Certificate (kube-apiserver-service-network-signer)\"..."
time="2019-06-17T18:11:52+08:00" level=debug msg="    Generating \"Certificate (kube-apiserver-service-network-ca-bundle)\"..."
time="2019-06-17T18:11:52+08:00" level=debug msg="    Fetching \"Certificate (kube-apiserver-lb-ca-bundle)\"..."
time="2019-06-17T18:11:52+08:00" level=debug msg="      Fetching \"Certificate (kube-apiserver-lb-signer)\"..."
time="2019-06-17T18:11:52+08:00" level=debug msg="      Generating \"Certificate (kube-apiserver-lb-signer)\"..."
time="2019-06-17T18:11:52+08:00" level=debug msg="    Generating \"Certificate (kube-apiserver-lb-ca-bundle)\"..."
time="2019-06-17T18:11:52+08:00" level=debug msg="  Generating \"Certificate (kube-apiserver-complete-server-ca-bundle)\"..."
time="2019-06-17T18:11:52+08:00" level=debug msg="  Fetching \"Install Config\"..."
time="2019-06-17T18:11:52+08:00" level=debug msg="    Fetching \"SSH Key\"..."
time="2019-06-17T18:11:52+08:00" level=debug msg="    Generating \"SSH Key\"..."
time="2019-06-17T18:11:54+08:00" level=debug msg="    Fetching \"Base Domain\"..."
time="2019-06-17T18:11:54+08:00" level=debug msg="      Fetching \"Platform\"..."
time="2019-06-17T18:11:54+08:00" level=debug msg="      Generating \"Platform\"..."
time="2019-06-17T18:11:56+08:00" level=fatal msg="failed to fetch Kubeconfig Admin Client: failed to fetch dependency of \"Kubeconfig Admin Client\": failed to fetch dependency of \"Install Config\": failed to fetch dependency of \"Base Domain\": failed to generate asset \"Platform\": interrupt"
time="2019-06-17T18:12:04+08:00" level=debug msg="OpenShift Installer v4.1.0-201905212232-dirty"
time="2019-06-17T18:12:04+08:00" level=debug msg="Built from commit 226288f70e78c0e2fbc077872cbcbb7e81a5d727"
time="2019-06-17T18:12:04+08:00" level=debug msg="Fetching \"Kubeconfig Admin Client\"..."
time="2019-06-17T18:12:04+08:00" level=debug msg="Loading \"Kubeconfig Admin Client\"..."
time="2019-06-17T18:12:04+08:00" level=debug msg="  Loading \"Certificate (admin-kubeconfig-client)\"..."
time="2019-06-17T18:12:04+08:00" level=debug msg="    Loading \"Certificate (admin-kubeconfig-signer)\"..."
time="2019-06-17T18:12:04+08:00" level=debug msg="  Loading \"Certificate (kube-apiserver-complete-server-ca-bundle)\"..."
time="2019-06-17T18:12:04+08:00" level=debug msg="    Loading \"Certificate (kube-apiserver-localhost-ca-bundle)\"..."
time="2019-06-17T18:12:04+08:00" level=debug msg="      Loading \"Certificate (kube-apiserver-localhost-signer)\"..."
time="2019-06-17T18:12:04+08:00" level=debug msg="    Loading \"Certificate (kube-apiserver-service-network-ca-bundle)\"..."
time="2019-06-17T18:12:04+08:00" level=debug msg="      Loading \"Certificate (kube-apiserver-service-network-signer)\"..."
time="2019-06-17T18:12:04+08:00" level=debug msg="    Loading \"Certificate (kube-apiserver-lb-ca-bundle)\"..."
time="2019-06-17T18:12:04+08:00" level=debug msg="      Loading \"Certificate (kube-apiserver-lb-signer)\"..."
time="2019-06-17T18:12:04+08:00" level=debug msg="  Loading \"Install Config\"..."
time="2019-06-17T18:12:04+08:00" level=debug msg="    Loading \"SSH Key\"..."
time="2019-06-17T18:12:04+08:00" level=debug msg="    Loading \"Base Domain\"..."
time="2019-06-17T18:12:04+08:00" level=debug msg="      Loading \"Platform\"..."
time="2019-06-17T18:12:04+08:00" level=debug msg="    Loading \"Cluster Name\"..."
time="2019-06-17T18:12:04+08:00" level=debug msg="      Loading \"Base Domain\"..."
time="2019-06-17T18:12:04+08:00" level=debug msg="    Loading \"Pull Secret\"..."
time="2019-06-17T18:12:04+08:00" level=debug msg="    Loading \"Platform\"..."
time="2019-06-17T18:12:04+08:00" level=fatal msg="failed to fetch Kubeconfig Admin Client: failed to load asset \"Install Config\": failed to unmarshal: error unmarshaling JSON: json: cannot unmarshal object into Go struct field InstallConfig.pullSecret of type string"
time="2019-06-17T18:13:34+08:00" level=debug msg="OpenShift Installer v4.1.0-201905212232-dirty"
time="2019-06-17T18:13:34+08:00" level=debug msg="Built from commit 226288f70e78c0e2fbc077872cbcbb7e81a5d727"
time="2019-06-17T18:13:34+08:00" level=debug msg="Fetching \"Kubeconfig Admin Client\"..."
time="2019-06-17T18:13:34+08:00" level=debug msg="Loading \"Kubeconfig Admin Client\"..."
time="2019-06-17T18:13:34+08:00" level=debug msg="  Loading \"Certificate (admin-kubeconfig-client)\"..."
time="2019-06-17T18:13:34+08:00" level=debug msg="    Loading \"Certificate (admin-kubeconfig-signer)\"..."
time="2019-06-17T18:13:34+08:00" level=debug msg="  Loading \"Certificate (kube-apiserver-complete-server-ca-bundle)\"..."
time="2019-06-17T18:13:34+08:00" level=debug msg="    Loading \"Certificate (kube-apiserver-localhost-ca-bundle)\"..."
time="2019-06-17T18:13:34+08:00" level=debug msg="      Loading \"Certificate (kube-apiserver-localhost-signer)\"..."
time="2019-06-17T18:13:34+08:00" level=debug msg="    Loading \"Certificate (kube-apiserver-service-network-ca-bundle)\"..."
time="2019-06-17T18:13:34+08:00" level=debug msg="      Loading \"Certificate (kube-apiserver-service-network-signer)\"..."
time="2019-06-17T18:13:34+08:00" level=debug msg="    Loading \"Certificate (kube-apiserver-lb-ca-bundle)\"..."
time="2019-06-17T18:13:34+08:00" level=debug msg="      Loading \"Certificate (kube-apiserver-lb-signer)\"..."
time="2019-06-17T18:13:34+08:00" level=debug msg="  Loading \"Install Config\"..."
time="2019-06-17T18:13:34+08:00" level=debug msg="    Loading \"SSH Key\"..."
time="2019-06-17T18:13:34+08:00" level=debug msg="    Loading \"Base Domain\"..."
time="2019-06-17T18:13:34+08:00" level=debug msg="      Loading \"Platform\"..."
time="2019-06-17T18:13:34+08:00" level=debug msg="    Loading \"Cluster Name\"..."
time="2019-06-17T18:13:34+08:00" level=debug msg="      Loading \"Base Domain\"..."
time="2019-06-17T18:13:34+08:00" level=debug msg="    Loading \"Pull Secret\"..."
time="2019-06-17T18:13:34+08:00" level=debug msg="    Loading \"Platform\"..."
time="2019-06-17T18:13:34+08:00" level=warning msg="There are no compute nodes specified. The cluster will not fully initialize without compute nodes."
time="2019-06-17T18:13:34+08:00" level=debug msg="  Using \"Install Config\" loaded from target directory"
time="2019-06-17T18:13:34+08:00" level=debug msg="  Fetching \"Certificate (admin-kubeconfig-client)\"..."
time="2019-06-17T18:13:34+08:00" level=debug msg="    Fetching \"Certificate (admin-kubeconfig-signer)\"..."
time="2019-06-17T18:13:34+08:00" level=debug msg="    Generating \"Certificate (admin-kubeconfig-signer)\"..."
time="2019-06-17T18:13:34+08:00" level=debug msg="  Generating \"Certificate (admin-kubeconfig-client)\"..."
time="2019-06-17T18:13:34+08:00" level=debug msg="  Fetching \"Certificate (kube-apiserver-complete-server-ca-bundle)\"..."
time="2019-06-17T18:13:34+08:00" level=debug msg="    Fetching \"Certificate (kube-apiserver-localhost-ca-bundle)\"..."
time="2019-06-17T18:13:34+08:00" level=debug msg="      Fetching \"Certificate (kube-apiserver-localhost-signer)\"..."
time="2019-06-17T18:13:34+08:00" level=debug msg="      Generating \"Certificate (kube-apiserver-localhost-signer)\"..."
time="2019-06-17T18:13:35+08:00" level=debug msg="    Generating \"Certificate (kube-apiserver-localhost-ca-bundle)\"..."
time="2019-06-17T18:13:35+08:00" level=debug msg="    Fetching \"Certificate (kube-apiserver-service-network-ca-bundle)\"..."
time="2019-06-17T18:13:35+08:00" level=debug msg="      Fetching \"Certificate (kube-apiserver-service-network-signer)\"..."
time="2019-06-17T18:13:35+08:00" level=debug msg="      Generating \"Certificate (kube-apiserver-service-network-signer)\"..."
time="2019-06-17T18:13:35+08:00" level=debug msg="    Generating \"Certificate (kube-apiserver-service-network-ca-bundle)\"..."
time="2019-06-17T18:13:35+08:00" level=debug msg="    Fetching \"Certificate (kube-apiserver-lb-ca-bundle)\"..."
time="2019-06-17T18:13:35+08:00" level=debug msg="      Fetching \"Certificate (kube-apiserver-lb-signer)\"..."
time="2019-06-17T18:13:35+08:00" level=debug msg="      Generating \"Certificate (kube-apiserver-lb-signer)\"..."
time="2019-06-17T18:13:35+08:00" level=debug msg="    Generating \"Certificate (kube-apiserver-lb-ca-bundle)\"..."
time="2019-06-17T18:13:35+08:00" level=debug msg="  Generating \"Certificate (kube-apiserver-complete-server-ca-bundle)\"..."
time="2019-06-17T18:13:35+08:00" level=debug msg="  Fetching \"Install Config\"..."
time="2019-06-17T18:13:35+08:00" level=debug msg="  Reusing previously-fetched \"Install Config\""
time="2019-06-17T18:13:35+08:00" level=debug msg="Generating \"Kubeconfig Admin Client\"..."
time="2019-06-17T18:13:35+08:00" level=info msg="Consuming \"Install Config\" from target directory"
time="2019-06-17T18:13:35+08:00" level=debug msg="Purging asset \"Install Config\" from disk"
time="2019-06-17T18:13:35+08:00" level=debug msg="Fetching \"Kubeadmin Password\"..."
time="2019-06-17T18:13:35+08:00" level=debug msg="Loading \"Kubeadmin Password\"..."
time="2019-06-17T18:13:35+08:00" level=debug msg="Generating \"Kubeadmin Password\"..."
time="2019-06-17T18:13:35+08:00" level=debug msg="Fetching \"Master Ignition Config\"..."
time="2019-06-17T18:13:35+08:00" level=debug msg="Loading \"Master Ignition Config\"..."
time="2019-06-17T18:13:35+08:00" level=debug msg="  Loading \"Install Config\"..."
time="2019-06-17T18:13:35+08:00" level=debug msg="  Loading \"Root CA\"..."
time="2019-06-17T18:13:35+08:00" level=debug msg="  Fetching \"Install Config\"..."
time="2019-06-17T18:13:35+08:00" level=debug msg="  Reusing previously-fetched \"Install Config\""
time="2019-06-17T18:13:35+08:00" level=debug msg="  Fetching \"Root CA\"..."
time="2019-06-17T18:13:35+08:00" level=debug msg="  Generating \"Root CA\"..."
time="2019-06-17T18:13:35+08:00" level=debug msg="Generating \"Master Ignition Config\"..."
time="2019-06-17T18:13:35+08:00" level=debug msg="Fetching \"Worker Ignition Config\"..."
time="2019-06-17T18:13:35+08:00" level=debug msg="Loading \"Worker Ignition Config\"..."
time="2019-06-17T18:13:35+08:00" level=debug msg="  Loading \"Install Config\"..."
time="2019-06-17T18:13:35+08:00" level=debug msg="  Loading \"Root CA\"..."
time="2019-06-17T18:13:35+08:00" level=debug msg="  Fetching \"Install Config\"..."
time="2019-06-17T18:13:35+08:00" level=debug msg="  Reusing previously-fetched \"Install Config\""
time="2019-06-17T18:13:35+08:00" level=debug msg="  Fetching \"Root CA\"..."
time="2019-06-17T18:13:35+08:00" level=debug msg="  Reusing previously-fetched \"Root CA\""
time="2019-06-17T18:13:35+08:00" level=debug msg="Generating \"Worker Ignition Config\"..."
time="2019-06-17T18:13:35+08:00" level=debug msg="Fetching \"Bootstrap Ignition Config\"..."
time="2019-06-17T18:13:35+08:00" level=debug msg="Loading \"Bootstrap Ignition Config\"..."
time="2019-06-17T18:13:35+08:00" level=debug msg="  Loading \"Install Config\"..."
time="2019-06-17T18:13:35+08:00" level=debug msg="  Loading \"Kubeconfig Admin Client\"..."
time="2019-06-17T18:13:35+08:00" level=debug msg="  Loading \"Kubeconfig Kubelet\"..."
time="2019-06-17T18:13:35+08:00" level=debug msg="    Loading \"Certificate (kube-apiserver-complete-server-ca-bundle)\"..."
time="2019-06-17T18:13:35+08:00" level=debug msg="    Loading \"Certificate (kubelet-client)\"..."
time="2019-06-17T18:13:35+08:00" level=debug msg="      Loading \"Certificate (kubelet-bootstrap-kubeconfig-signer)\"..."
time="2019-06-17T18:13:35+08:00" level=debug msg="    Loading \"Install Config\"..."
time="2019-06-17T18:13:35+08:00" level=debug msg="  Loading \"Master Machines\"..."
time="2019-06-17T18:13:35+08:00" level=debug msg="    Loading \"Cluster ID\"..."
time="2019-06-17T18:13:35+08:00" level=debug msg="      Loading \"Install Config\"..."
time="2019-06-17T18:13:35+08:00" level=debug msg="    Loading \"Platform Credentials Check\"..."
time="2019-06-17T18:13:35+08:00" level=debug msg="      Loading \"Install Config\"..."
time="2019-06-17T18:13:35+08:00" level=debug msg="    Loading \"Install Config\"..."
time="2019-06-17T18:13:35+08:00" level=debug msg="    Loading \"Image\"..."
time="2019-06-17T18:13:35+08:00" level=debug msg="      Loading \"Install Config\"..."
time="2019-06-17T18:13:35+08:00" level=debug msg="    Loading \"Master Ignition Config\"..."
time="2019-06-17T18:13:35+08:00" level=debug msg="  Loading \"Worker Machines\"..."
time="2019-06-17T18:13:35+08:00" level=debug msg="    Loading \"Cluster ID\"..."
time="2019-06-17T18:13:35+08:00" level=debug msg="    Loading \"Platform Credentials Check\"..."
time="2019-06-17T18:13:35+08:00" level=debug msg="    Loading \"Install Config\"..."
time="2019-06-17T18:13:35+08:00" level=debug msg="    Loading \"Image\"..."
time="2019-06-17T18:13:35+08:00" level=debug msg="    Loading \"Worker Ignition Config\"..."
time="2019-06-17T18:13:35+08:00" level=debug msg="  Loading \"Common Manifests\"..."
time="2019-06-17T18:13:35+08:00" level=debug msg="    Loading \"Cluster ID\"..."
time="2019-06-17T18:13:35+08:00" level=debug msg="    Loading \"Install Config\"..."
time="2019-06-17T18:13:35+08:00" level=debug msg="    Loading \"Ingress Config\"..."
time="2019-06-17T18:13:35+08:00" level=debug msg="      Loading \"Install Config\"..."
time="2019-06-17T18:13:35+08:00" level=debug msg="    Loading \"DNS Config\"..."
time="2019-06-17T18:13:35+08:00" level=debug msg="      Loading \"Install Config\"..."
time="2019-06-17T18:13:35+08:00" level=debug msg="      Loading \"Cluster ID\"..."
time="2019-06-17T18:13:35+08:00" level=debug msg="      Loading \"Platform Credentials Check\"..."
time="2019-06-17T18:13:35+08:00" level=debug msg="    Loading \"Infrastructure Config\"..."
time="2019-06-17T18:13:35+08:00" level=debug msg="      Loading \"Cluster ID\"..."
time="2019-06-17T18:13:35+08:00" level=debug msg="      Loading \"Install Config\"..."
time="2019-06-17T18:13:35+08:00" level=debug msg="      Loading \"Cloud Provider Config\"..."
time="2019-06-17T18:13:35+08:00" level=debug msg="        Loading \"Install Config\"..."
time="2019-06-17T18:13:35+08:00" level=debug msg="        Loading \"Cluster ID\"..."
time="2019-06-17T18:13:35+08:00" level=debug msg="        Loading \"Platform Credentials Check\"..."
time="2019-06-17T18:13:35+08:00" level=debug msg="    Loading \"Network Config\"..."
time="2019-06-17T18:13:35+08:00" level=debug msg="      Loading \"Install Config\"..."
time="2019-06-17T18:13:35+08:00" level=debug msg="      Loading \"Network CRDs\"..."
time="2019-06-17T18:13:35+08:00" level=debug msg="    Loading \"Root CA\"..."
time="2019-06-17T18:13:35+08:00" level=debug msg="    Loading \"Certificate (etcd-signer)\"..."
time="2019-06-17T18:13:35+08:00" level=debug msg="    Loading \"Certificate (etcd-ca-bundle)\"..."
time="2019-06-17T18:13:35+08:00" level=debug msg="      Loading \"Certificate (etcd-signer)\"..."
time="2019-06-17T18:13:35+08:00" level=debug msg="    Loading \"Certificate (etcd-client)\"..."
time="2019-06-17T18:13:35+08:00" level=debug msg="      Loading \"Certificate (etcd-signer)\"..."
time="2019-06-17T18:13:35+08:00" level=debug msg="    Loading \"Certificate (etcd-metric-ca-bundle)\"..."
time="2019-06-17T18:13:35+08:00" level=debug msg="      Loading \"Certificate (etcd-metric-signer)\"..."
time="2019-06-17T18:13:35+08:00" level=debug msg="    Loading \"Certificate (etcd-metric-signer)\"..."
time="2019-06-17T18:13:35+08:00" level=debug msg="    Loading \"Certificate (etcd-metric-signer-client)\"..."
time="2019-06-17T18:13:35+08:00" level=debug msg="      Loading \"Certificate (etcd-metric-signer)\"..."
time="2019-06-17T18:13:35+08:00" level=debug msg="    Loading \"Certificate (mcs)\"..."
time="2019-06-17T18:13:35+08:00" level=debug msg="      Loading \"Root CA\"..."
time="2019-06-17T18:13:35+08:00" level=debug msg="      Loading \"Install Config\"..."
time="2019-06-17T18:13:35+08:00" level=debug msg="    Loading \"CVOOverrides\"..."
time="2019-06-17T18:13:35+08:00" level=debug msg="    Loading \"EtcdCAConfigMap\"..."
time="2019-06-17T18:13:35+08:00" level=debug msg="    Loading \"EtcdClientSecret\"..."
time="2019-06-17T18:13:35+08:00" level=debug msg="    Loading \"EtcdHostServiceEndpoints\"..."
time="2019-06-17T18:13:35+08:00" level=debug msg="    Loading \"EtcdHostService\"..."
time="2019-06-17T18:13:35+08:00" level=debug msg="    Loading \"EtcdMetricClientSecret\"..."
time="2019-06-17T18:13:35+08:00" level=debug msg="    Loading \"EtcdMetricServingCAConfigMap\"..."
time="2019-06-17T18:13:35+08:00" level=debug msg="    Loading \"EtcdMetricSignerSecret\"..."
time="2019-06-17T18:13:35+08:00" level=debug msg="    Loading \"EtcdNamespace\"..."
time="2019-06-17T18:13:35+08:00" level=debug msg="    Loading \"EtcdService\"..."
time="2019-06-17T18:13:35+08:00" level=debug msg="    Loading \"EtcdSignerSecret\"..."
time="2019-06-17T18:13:35+08:00" level=debug msg="    Loading \"KubeCloudConfig\"..."
time="2019-06-17T18:13:35+08:00" level=debug msg="    Loading \"EtcdServingCAConfigMap\"..."
time="2019-06-17T18:13:35+08:00" level=debug msg="    Loading \"KubeSystemConfigmapRootCA\"..."
time="2019-06-17T18:13:35+08:00" level=debug msg="    Loading \"MachineConfigServerTLSSecret\"..."
time="2019-06-17T18:13:35+08:00" level=debug msg="    Loading \"OpenshiftConfigSecretPullSecret\"..."
time="2019-06-17T18:13:35+08:00" level=debug msg="    Loading \"OpenshiftMachineConfigOperator\"..."
time="2019-06-17T18:13:35+08:00" level=debug msg="  Loading \"Openshift Manifests\"..."
time="2019-06-17T18:13:35+08:00" level=debug msg="    Loading \"Install Config\"..."
time="2019-06-17T18:13:35+08:00" level=debug msg="    Loading \"Cluster ID\"..."
time="2019-06-17T18:13:35+08:00" level=debug msg="    Loading \"Kubeadmin Password\"..."
time="2019-06-17T18:13:35+08:00" level=debug msg="    Loading \"BindingDiscovery\"..."
time="2019-06-17T18:13:35+08:00" level=debug msg="    Loading \"CloudCredsSecret\"..."
time="2019-06-17T18:13:35+08:00" level=debug msg="    Loading \"KubeadminPasswordSecret\"..."
time="2019-06-17T18:13:35+08:00" level=debug msg="    Loading \"RoleCloudCredsSecretReader\"..."
time="2019-06-17T18:13:35+08:00" level=debug msg="  Loading \"Certificate (admin-kubeconfig-ca-bundle)\"..."
time="2019-06-17T18:13:35+08:00" level=debug msg="    Loading \"Certificate (admin-kubeconfig-signer)\"..."
time="2019-06-17T18:13:35+08:00" level=debug msg="  Loading \"Certificate (aggregator)\"..."
time="2019-06-17T18:13:35+08:00" level=debug msg="  Loading \"Certificate (aggregator-ca-bundle)\"..."
time="2019-06-17T18:13:35+08:00" level=debug msg="    Loading \"Certificate (aggregator-signer)\"..."
time="2019-06-17T18:13:35+08:00" level=debug msg="  Loading \"Certificate (system:kube-apiserver-proxy)\"..."
time="2019-06-17T18:13:35+08:00" level=debug msg="    Loading \"Certificate (aggregator-signer)\"..."
time="2019-06-17T18:13:35+08:00" level=debug msg="  Loading \"Certificate (aggregator-signer)\"..."
time="2019-06-17T18:13:35+08:00" level=debug msg="  Loading \"Certificate (system:kube-apiserver-proxy)\"..."
time="2019-06-17T18:13:35+08:00" level=debug msg="    Loading \"Certificate (aggregator)\"..."
time="2019-06-17T18:13:35+08:00" level=debug msg="  Loading \"Certificate (etcd-ca-bundle)\"..."
time="2019-06-17T18:13:35+08:00" level=debug msg="  Loading \"Certificate (etcd-metric-ca-bundle)\"..."
time="2019-06-17T18:13:35+08:00" level=debug msg="  Loading \"Certificate (etcd-metric-signer)\"..."
time="2019-06-17T18:13:35+08:00" level=debug msg="  Loading \"Certificate (etcd-metric-signer-client)\"..."
time="2019-06-17T18:13:35+08:00" level=debug msg="  Loading \"Certificate (etcd-signer)\"..."
time="2019-06-17T18:13:35+08:00" level=debug msg="  Loading \"Certificate (etcd-client)\"..."
time="2019-06-17T18:13:35+08:00" level=debug msg="  Loading \"Certificate (journal-gatewayd)\"..."
time="2019-06-17T18:13:35+08:00" level=debug msg="    Loading \"Root CA\"..."
time="2019-06-17T18:13:35+08:00" level=debug msg="  Loading \"Certificate (kube-apiserver-lb-ca-bundle)\"..."
time="2019-06-17T18:13:35+08:00" level=debug msg="  Loading \"Certificate (kube-apiserver-external-lb-server)\"..."
time="2019-06-17T18:13:35+08:00" level=debug msg="    Loading \"Certificate (kube-apiserver-lb-signer)\"..."
time="2019-06-17T18:13:35+08:00" level=debug msg="    Loading \"Install Config\"..."
time="2019-06-17T18:13:35+08:00" level=debug msg="  Loading \"Certificate (kube-apiserver-internal-lb-server)\"..."
time="2019-06-17T18:13:35+08:00" level=debug msg="    Loading \"Certificate (kube-apiserver-lb-signer)\"..."
time="2019-06-17T18:13:35+08:00" level=debug msg="    Loading \"Install Config\"..."
time="2019-06-17T18:13:35+08:00" level=debug msg="  Loading \"Certificate (kube-apiserver-lb-signer)\"..."
time="2019-06-17T18:13:35+08:00" level=debug msg="  Loading \"Certificate (kube-apiserver-localhost-ca-bundle)\"..."
time="2019-06-17T18:13:35+08:00" level=debug msg="  Loading \"Certificate (kube-apiserver-localhost-server)\"..."
time="2019-06-17T18:13:35+08:00" level=debug msg="    Loading \"Certificate (kube-apiserver-localhost-signer)\"..."
time="2019-06-17T18:13:35+08:00" level=debug msg="  Loading \"Certificate (kube-apiserver-localhost-signer)\"..."
time="2019-06-17T18:13:35+08:00" level=debug msg="  Loading \"Certificate (kube-apiserver-service-network-ca-bundle)\"..."
time="2019-06-17T18:13:35+08:00" level=debug msg="  Loading \"Certificate (kube-apiserver-service-network-server)\"..."
time="2019-06-17T18:13:35+08:00" level=debug msg="    Loading \"Certificate (kube-apiserver-service-network-signer)\"..."
time="2019-06-17T18:13:35+08:00" level=debug msg="    Loading \"Install Config\"..."
time="2019-06-17T18:13:35+08:00" level=debug msg="  Loading \"Certificate (kube-apiserver-service-network-signer)\"..."
time="2019-06-17T18:13:35+08:00" level=debug msg="  Loading \"Certificate (kube-apiserver-complete-server-ca-bundle)\"..."
time="2019-06-17T18:13:35+08:00" level=debug msg="  Loading \"Certificate (kube-apiserver-complete-client-ca-bundle)\"..."
time="2019-06-17T18:13:35+08:00" level=debug msg="    Loading \"Certificate (admin-kubeconfig-ca-bundle)\"..."
time="2019-06-17T18:13:35+08:00" level=debug msg="    Loading \"Certificate (kubelet-client-ca-bundle)\"..."
time="2019-06-17T18:13:35+08:00" level=debug msg="      Loading \"Certificate (kubelet-signer)\"..."
time="2019-06-17T18:13:35+08:00" level=debug msg="    Loading \"Certificate (kube-control-plane-ca-bundle)\"..."
time="2019-06-17T18:13:35+08:00" level=debug msg="      Loading \"Certificate (kube-control-plane-signer)\"..."
time="2019-06-17T18:13:35+08:00" level=debug msg="      Loading \"Certificate (kube-apiserver-lb-signer)\"..."
time="2019-06-17T18:13:35+08:00" level=debug msg="      Loading \"Certificate (kube-apiserver-localhost-signer)\"..."
time="2019-06-17T18:13:35+08:00" level=debug msg="      Loading \"Certificate (kube-apiserver-service-network-signer)\"..."
time="2019-06-17T18:13:35+08:00" level=debug msg="    Loading \"Certificate (kube-apiserver-to-kubelet-ca-bundle)\"..."
time="2019-06-17T18:13:35+08:00" level=debug msg="      Loading \"Certificate (kube-apiserver-to-kubelet-signer)\"..."
time="2019-06-17T18:13:35+08:00" level=debug msg="    Loading \"Certificate (kubelet-bootstrap-kubeconfig-ca-bundle)\"..."
time="2019-06-17T18:13:35+08:00" level=debug msg="      Loading \"Certificate (kubelet-bootstrap-kubeconfig-signer)\"..."
time="2019-06-17T18:13:35+08:00" level=debug msg="  Loading \"Certificate (kube-apiserver-to-kubelet-ca-bundle)\"..."
time="2019-06-17T18:13:35+08:00" level=debug msg="  Loading \"Certificate (kube-apiserver-to-kubelet-client)\"..."
time="2019-06-17T18:13:35+08:00" level=debug msg="    Loading \"Certificate (kube-apiserver-to-kubelet-signer)\"..."
time="2019-06-17T18:13:35+08:00" level=debug msg="  Loading \"Certificate (kube-apiserver-to-kubelet-signer)\"..."
time="2019-06-17T18:13:35+08:00" level=debug msg="  Loading \"Certificate (kube-control-plane-ca-bundle)\"..."
time="2019-06-17T18:13:35+08:00" level=debug msg="  Loading \"Certificate (kube-control-plane-kube-controller-manager-client)\"..."
time="2019-06-17T18:13:35+08:00" level=debug msg="    Loading \"Certificate (kube-control-plane-signer)\"..."
time="2019-06-17T18:13:35+08:00" level=debug msg="  Loading \"Certificate (kube-control-plane-kube-scheduler-client)\"..."
time="2019-06-17T18:13:35+08:00" level=debug msg="    Loading \"Certificate (kube-control-plane-signer)\"..."
time="2019-06-17T18:13:35+08:00" level=debug msg="  Loading \"Certificate (kube-control-plane-signer)\"..."
time="2019-06-17T18:13:35+08:00" level=debug msg="  Loading \"Certificate (kubelet-bootstrap-kubeconfig-ca-bundle)\"..."
time="2019-06-17T18:13:35+08:00" level=debug msg="  Loading \"Certificate (kubelet-client-ca-bundle)\"..."
time="2019-06-17T18:13:35+08:00" level=debug msg="  Loading \"Certificate (kubelet-client)\"..."
time="2019-06-17T18:13:35+08:00" level=debug msg="  Loading \"Certificate (kubelet-signer)\"..."
time="2019-06-17T18:13:35+08:00" level=debug msg="  Loading \"Certificate (kubelet-serving-ca-bundle)\"..."
time="2019-06-17T18:13:35+08:00" level=debug msg="    Loading \"Certificate (kubelet-signer)\"..."
time="2019-06-17T18:13:35+08:00" level=debug msg="  Loading \"Certificate (mcs)\"..."
time="2019-06-17T18:13:35+08:00" level=debug msg="  Loading \"Root CA\"..."
time="2019-06-17T18:13:35+08:00" level=debug msg="  Loading \"Key Pair (service-account.pub)\"..."
time="2019-06-17T18:13:35+08:00" level=debug msg="  Fetching \"Install Config\"..."
time="2019-06-17T18:13:35+08:00" level=debug msg="  Reusing previously-fetched \"Install Config\""
time="2019-06-17T18:13:35+08:00" level=debug msg="  Fetching \"Kubeconfig Admin Client\"..."
time="2019-06-17T18:13:35+08:00" level=debug msg="  Reusing previously-fetched \"Kubeconfig Admin Client\""
time="2019-06-17T18:13:35+08:00" level=debug msg="  Fetching \"Kubeconfig Kubelet\"..."
time="2019-06-17T18:13:35+08:00" level=debug msg="    Fetching \"Certificate (kube-apiserver-complete-server-ca-bundle)\"..."
time="2019-06-17T18:13:35+08:00" level=debug msg="    Reusing previously-fetched \"Certificate (kube-apiserver-complete-server-ca-bundle)\""
time="2019-06-17T18:13:35+08:00" level=debug msg="    Fetching \"Certificate (kubelet-client)\"..."
time="2019-06-17T18:13:35+08:00" level=debug msg="      Fetching \"Certificate (kubelet-bootstrap-kubeconfig-signer)\"..."
time="2019-06-17T18:13:35+08:00" level=debug msg="      Generating \"Certificate (kubelet-bootstrap-kubeconfig-signer)\"..."
time="2019-06-17T18:13:36+08:00" level=debug msg="    Generating \"Certificate (kubelet-client)\"..."
time="2019-06-17T18:13:36+08:00" level=debug msg="    Fetching \"Install Config\"..."
time="2019-06-17T18:13:36+08:00" level=debug msg="    Reusing previously-fetched \"Install Config\""
time="2019-06-17T18:13:36+08:00" level=debug msg="  Generating \"Kubeconfig Kubelet\"..."
time="2019-06-17T18:13:36+08:00" level=debug msg="  Fetching \"Master Machines\"..."
time="2019-06-17T18:13:36+08:00" level=debug msg="    Fetching \"Cluster ID\"..."
time="2019-06-17T18:13:36+08:00" level=debug msg="      Fetching \"Install Config\"..."
time="2019-06-17T18:13:36+08:00" level=debug msg="      Reusing previously-fetched \"Install Config\""
time="2019-06-17T18:13:36+08:00" level=debug msg="    Generating \"Cluster ID\"..."
time="2019-06-17T18:13:36+08:00" level=debug msg="    Fetching \"Platform Credentials Check\"..."
time="2019-06-17T18:13:36+08:00" level=debug msg="      Fetching \"Install Config\"..."
time="2019-06-17T18:13:36+08:00" level=debug msg="      Reusing previously-fetched \"Install Config\""
time="2019-06-17T18:13:36+08:00" level=debug msg="    Generating \"Platform Credentials Check\"..."
time="2019-06-17T18:13:36+08:00" level=debug msg="    Fetching \"Install Config\"..."
time="2019-06-17T18:13:36+08:00" level=debug msg="    Reusing previously-fetched \"Install Config\""
time="2019-06-17T18:13:36+08:00" level=debug msg="    Fetching \"Image\"..."
time="2019-06-17T18:13:36+08:00" level=debug msg="      Fetching \"Install Config\"..."
time="2019-06-17T18:13:36+08:00" level=debug msg="      Reusing previously-fetched \"Install Config\""
time="2019-06-17T18:13:36+08:00" level=debug msg="    Generating \"Image\"..."
time="2019-06-17T18:13:36+08:00" level=debug msg="    Fetching \"Master Ignition Config\"..."
time="2019-06-17T18:13:36+08:00" level=debug msg="    Reusing previously-fetched \"Master Ignition Config\""
time="2019-06-17T18:13:36+08:00" level=debug msg="  Generating \"Master Machines\"..."
time="2019-06-17T18:13:36+08:00" level=debug msg="  Fetching \"Worker Machines\"..."
time="2019-06-17T18:13:36+08:00" level=debug msg="    Fetching \"Cluster ID\"..."
time="2019-06-17T18:13:36+08:00" level=debug msg="    Reusing previously-fetched \"Cluster ID\""
time="2019-06-17T18:13:36+08:00" level=debug msg="    Fetching \"Platform Credentials Check\"..."
time="2019-06-17T18:13:36+08:00" level=debug msg="    Reusing previously-fetched \"Platform Credentials Check\""
time="2019-06-17T18:13:36+08:00" level=debug msg="    Fetching \"Install Config\"..."
time="2019-06-17T18:13:36+08:00" level=debug msg="    Reusing previously-fetched \"Install Config\""
time="2019-06-17T18:13:36+08:00" level=debug msg="    Fetching \"Image\"..."
time="2019-06-17T18:13:36+08:00" level=debug msg="    Reusing previously-fetched \"Image\""
time="2019-06-17T18:13:36+08:00" level=debug msg="    Fetching \"Worker Ignition Config\"..."
time="2019-06-17T18:13:36+08:00" level=debug msg="    Reusing previously-fetched \"Worker Ignition Config\""
time="2019-06-17T18:13:36+08:00" level=debug msg="  Generating \"Worker Machines\"..."
time="2019-06-17T18:13:36+08:00" level=debug msg="  Fetching \"Common Manifests\"..."
time="2019-06-17T18:13:36+08:00" level=debug msg="    Fetching \"Cluster ID\"..."
time="2019-06-17T18:13:36+08:00" level=debug msg="    Reusing previously-fetched \"Cluster ID\""
time="2019-06-17T18:13:36+08:00" level=debug msg="    Fetching \"Install Config\"..."
time="2019-06-17T18:13:36+08:00" level=debug msg="    Reusing previously-fetched \"Install Config\""
time="2019-06-17T18:13:36+08:00" level=debug msg="    Fetching \"Ingress Config\"..."
time="2019-06-17T18:13:36+08:00" level=debug msg="      Fetching \"Install Config\"..."
time="2019-06-17T18:13:36+08:00" level=debug msg="      Reusing previously-fetched \"Install Config\""
time="2019-06-17T18:13:36+08:00" level=debug msg="    Generating \"Ingress Config\"..."
time="2019-06-17T18:13:36+08:00" level=debug msg="    Fetching \"DNS Config\"..."
time="2019-06-17T18:13:36+08:00" level=debug msg="      Fetching \"Install Config\"..."
time="2019-06-17T18:13:36+08:00" level=debug msg="      Reusing previously-fetched \"Install Config\""
time="2019-06-17T18:13:36+08:00" level=debug msg="      Fetching \"Cluster ID\"..."
time="2019-06-17T18:13:36+08:00" level=debug msg="      Reusing previously-fetched \"Cluster ID\""
time="2019-06-17T18:13:36+08:00" level=debug msg="      Fetching \"Platform Credentials Check\"..."
time="2019-06-17T18:13:36+08:00" level=debug msg="      Reusing previously-fetched \"Platform Credentials Check\""
time="2019-06-17T18:13:36+08:00" level=debug msg="    Generating \"DNS Config\"..."
time="2019-06-17T18:13:36+08:00" level=debug msg="    Fetching \"Infrastructure Config\"..."
time="2019-06-17T18:13:36+08:00" level=debug msg="      Fetching \"Cluster ID\"..."
time="2019-06-17T18:13:36+08:00" level=debug msg="      Reusing previously-fetched \"Cluster ID\""
time="2019-06-17T18:13:36+08:00" level=debug msg="      Fetching \"Install Config\"..."
time="2019-06-17T18:13:36+08:00" level=debug msg="      Reusing previously-fetched \"Install Config\""
time="2019-06-17T18:13:36+08:00" level=debug msg="      Fetching \"Cloud Provider Config\"..."
time="2019-06-17T18:13:36+08:00" level=debug msg="        Fetching \"Install Config\"..."
time="2019-06-17T18:13:36+08:00" level=debug msg="        Reusing previously-fetched \"Install Config\""
time="2019-06-17T18:13:36+08:00" level=debug msg="        Fetching \"Cluster ID\"..."
time="2019-06-17T18:13:36+08:00" level=debug msg="        Reusing previously-fetched \"Cluster ID\""
time="2019-06-17T18:13:36+08:00" level=debug msg="        Fetching \"Platform Credentials Check\"..."
time="2019-06-17T18:13:36+08:00" level=debug msg="        Reusing previously-fetched \"Platform Credentials Check\""
time="2019-06-17T18:13:36+08:00" level=debug msg="      Generating \"Cloud Provider Config\"..."
time="2019-06-17T18:13:36+08:00" level=debug msg="    Generating \"Infrastructure Config\"..."
time="2019-06-17T18:13:36+08:00" level=debug msg="    Fetching \"Network Config\"..."
time="2019-06-17T18:13:36+08:00" level=debug msg="      Fetching \"Install Config\"..."
time="2019-06-17T18:13:36+08:00" level=debug msg="      Reusing previously-fetched \"Install Config\""
time="2019-06-17T18:13:36+08:00" level=debug msg="      Fetching \"Network CRDs\"..."
time="2019-06-17T18:13:36+08:00" level=debug msg="      Generating \"Network CRDs\"..."
time="2019-06-17T18:13:36+08:00" level=debug msg="    Generating \"Network Config\"..."
time="2019-06-17T18:13:36+08:00" level=debug msg="    Fetching \"Root CA\"..."
time="2019-06-17T18:13:36+08:00" level=debug msg="    Reusing previously-fetched \"Root CA\""
time="2019-06-17T18:13:36+08:00" level=debug msg="    Fetching \"Certificate (etcd-signer)\"..."
time="2019-06-17T18:13:36+08:00" level=debug msg="    Generating \"Certificate (etcd-signer)\"..."
time="2019-06-17T18:13:36+08:00" level=debug msg="    Fetching \"Certificate (etcd-ca-bundle)\"..."
time="2019-06-17T18:13:36+08:00" level=debug msg="      Fetching \"Certificate (etcd-signer)\"..."
time="2019-06-17T18:13:36+08:00" level=debug msg="      Reusing previously-fetched \"Certificate (etcd-signer)\""
time="2019-06-17T18:13:36+08:00" level=debug msg="    Generating \"Certificate (etcd-ca-bundle)\"..."
time="2019-06-17T18:13:36+08:00" level=debug msg="    Fetching \"Certificate (etcd-client)\"..."
time="2019-06-17T18:13:36+08:00" level=debug msg="      Fetching \"Certificate (etcd-signer)\"..."
time="2019-06-17T18:13:36+08:00" level=debug msg="      Reusing previously-fetched \"Certificate (etcd-signer)\""
time="2019-06-17T18:13:36+08:00" level=debug msg="    Generating \"Certificate (etcd-client)\"..."
time="2019-06-17T18:13:36+08:00" level=debug msg="    Fetching \"Certificate (etcd-metric-ca-bundle)\"..."
time="2019-06-17T18:13:36+08:00" level=debug msg="      Fetching \"Certificate (etcd-metric-signer)\"..."
time="2019-06-17T18:13:36+08:00" level=debug msg="      Generating \"Certificate (etcd-metric-signer)\"..."
time="2019-06-17T18:13:36+08:00" level=debug msg="    Generating \"Certificate (etcd-metric-ca-bundle)\"..."
time="2019-06-17T18:13:36+08:00" level=debug msg="    Fetching \"Certificate (etcd-metric-signer)\"..."
time="2019-06-17T18:13:36+08:00" level=debug msg="    Reusing previously-fetched \"Certificate (etcd-metric-signer)\""
time="2019-06-17T18:13:36+08:00" level=debug msg="    Fetching \"Certificate (etcd-metric-signer-client)\"..."
time="2019-06-17T18:13:36+08:00" level=debug msg="      Fetching \"Certificate (etcd-metric-signer)\"..."
time="2019-06-17T18:13:36+08:00" level=debug msg="      Reusing previously-fetched \"Certificate (etcd-metric-signer)\""
time="2019-06-17T18:13:36+08:00" level=debug msg="    Generating \"Certificate (etcd-metric-signer-client)\"..."
time="2019-06-17T18:13:37+08:00" level=debug msg="    Fetching \"Certificate (mcs)\"..."
time="2019-06-17T18:13:37+08:00" level=debug msg="      Fetching \"Root CA\"..."
time="2019-06-17T18:13:37+08:00" level=debug msg="      Reusing previously-fetched \"Root CA\""
time="2019-06-17T18:13:37+08:00" level=debug msg="      Fetching \"Install Config\"..."
time="2019-06-17T18:13:37+08:00" level=debug msg="      Reusing previously-fetched \"Install Config\""
time="2019-06-17T18:13:37+08:00" level=debug msg="    Generating \"Certificate (mcs)\"..."
time="2019-06-17T18:13:37+08:00" level=debug msg="    Fetching \"CVOOverrides\"..."
time="2019-06-17T18:13:37+08:00" level=debug msg="    Generating \"CVOOverrides\"..."
time="2019-06-17T18:13:37+08:00" level=debug msg="    Fetching \"EtcdCAConfigMap\"..."
time="2019-06-17T18:13:37+08:00" level=debug msg="    Generating \"EtcdCAConfigMap\"..."
time="2019-06-17T18:13:37+08:00" level=debug msg="    Fetching \"EtcdClientSecret\"..."
time="2019-06-17T18:13:37+08:00" level=debug msg="    Generating \"EtcdClientSecret\"..."
time="2019-06-17T18:13:37+08:00" level=debug msg="    Fetching \"EtcdHostServiceEndpoints\"..."
time="2019-06-17T18:13:37+08:00" level=debug msg="    Generating \"EtcdHostServiceEndpoints\"..."
time="2019-06-17T18:13:37+08:00" level=debug msg="    Fetching \"EtcdHostService\"..."
time="2019-06-17T18:13:37+08:00" level=debug msg="    Generating \"EtcdHostService\"..."
time="2019-06-17T18:13:37+08:00" level=debug msg="    Fetching \"EtcdMetricClientSecret\"..."
time="2019-06-17T18:13:37+08:00" level=debug msg="    Generating \"EtcdMetricClientSecret\"..."
time="2019-06-17T18:13:37+08:00" level=debug msg="    Fetching \"EtcdMetricServingCAConfigMap\"..."
time="2019-06-17T18:13:37+08:00" level=debug msg="    Generating \"EtcdMetricServingCAConfigMap\"..."
time="2019-06-17T18:13:37+08:00" level=debug msg="    Fetching \"EtcdMetricSignerSecret\"..."
time="2019-06-17T18:13:37+08:00" level=debug msg="    Generating \"EtcdMetricSignerSecret\"..."
time="2019-06-17T18:13:37+08:00" level=debug msg="    Fetching \"EtcdNamespace\"..."
time="2019-06-17T18:13:37+08:00" level=debug msg="    Generating \"EtcdNamespace\"..."
time="2019-06-17T18:13:37+08:00" level=debug msg="    Fetching \"EtcdService\"..."
time="2019-06-17T18:13:37+08:00" level=debug msg="    Generating \"EtcdService\"..."
time="2019-06-17T18:13:37+08:00" level=debug msg="    Fetching \"EtcdSignerSecret\"..."
time="2019-06-17T18:13:37+08:00" level=debug msg="    Generating \"EtcdSignerSecret\"..."
time="2019-06-17T18:13:37+08:00" level=debug msg="    Fetching \"KubeCloudConfig\"..."
time="2019-06-17T18:13:37+08:00" level=debug msg="    Generating \"KubeCloudConfig\"..."
time="2019-06-17T18:13:37+08:00" level=debug msg="    Fetching \"EtcdServingCAConfigMap\"..."
time="2019-06-17T18:13:37+08:00" level=debug msg="    Generating \"EtcdServingCAConfigMap\"..."
time="2019-06-17T18:13:37+08:00" level=debug msg="    Fetching \"KubeSystemConfigmapRootCA\"..."
time="2019-06-17T18:13:37+08:00" level=debug msg="    Generating \"KubeSystemConfigmapRootCA\"..."
time="2019-06-17T18:13:37+08:00" level=debug msg="    Fetching \"MachineConfigServerTLSSecret\"..."
time="2019-06-17T18:13:37+08:00" level=debug msg="    Generating \"MachineConfigServerTLSSecret\"..."
time="2019-06-17T18:13:37+08:00" level=debug msg="    Fetching \"OpenshiftConfigSecretPullSecret\"..."
time="2019-06-17T18:13:37+08:00" level=debug msg="    Generating \"OpenshiftConfigSecretPullSecret\"..."
time="2019-06-17T18:13:37+08:00" level=debug msg="    Fetching \"OpenshiftMachineConfigOperator\"..."
time="2019-06-17T18:13:37+08:00" level=debug msg="    Generating \"OpenshiftMachineConfigOperator\"..."
time="2019-06-17T18:13:37+08:00" level=debug msg="  Generating \"Common Manifests\"..."
time="2019-06-17T18:13:37+08:00" level=debug msg="  Fetching \"Openshift Manifests\"..."
time="2019-06-17T18:13:37+08:00" level=debug msg="    Fetching \"Install Config\"..."
time="2019-06-17T18:13:37+08:00" level=debug msg="    Reusing previously-fetched \"Install Config\""
time="2019-06-17T18:13:37+08:00" level=debug msg="    Fetching \"Cluster ID\"..."
time="2019-06-17T18:13:37+08:00" level=debug msg="    Reusing previously-fetched \"Cluster ID\""
time="2019-06-17T18:13:37+08:00" level=debug msg="    Fetching \"Kubeadmin Password\"..."
time="2019-06-17T18:13:37+08:00" level=debug msg="    Reusing previously-fetched \"Kubeadmin Password\""
time="2019-06-17T18:13:37+08:00" level=debug msg="    Fetching \"BindingDiscovery\"..."
time="2019-06-17T18:13:37+08:00" level=debug msg="    Generating \"BindingDiscovery\"..."
time="2019-06-17T18:13:37+08:00" level=debug msg="    Fetching \"CloudCredsSecret\"..."
time="2019-06-17T18:13:37+08:00" level=debug msg="    Generating \"CloudCredsSecret\"..."
time="2019-06-17T18:13:37+08:00" level=debug msg="    Fetching \"KubeadminPasswordSecret\"..."
time="2019-06-17T18:13:37+08:00" level=debug msg="    Generating \"KubeadminPasswordSecret\"..."
time="2019-06-17T18:13:37+08:00" level=debug msg="    Fetching \"RoleCloudCredsSecretReader\"..."
time="2019-06-17T18:13:37+08:00" level=debug msg="    Generating \"RoleCloudCredsSecretReader\"..."
time="2019-06-17T18:13:37+08:00" level=debug msg="  Generating \"Openshift Manifests\"..."
time="2019-06-17T18:13:37+08:00" level=debug msg="  Fetching \"Certificate (admin-kubeconfig-ca-bundle)\"..."
time="2019-06-17T18:13:37+08:00" level=debug msg="    Fetching \"Certificate (admin-kubeconfig-signer)\"..."
time="2019-06-17T18:13:37+08:00" level=debug msg="    Reusing previously-fetched \"Certificate (admin-kubeconfig-signer)\""
time="2019-06-17T18:13:37+08:00" level=debug msg="  Generating \"Certificate (admin-kubeconfig-ca-bundle)\"..."
time="2019-06-17T18:13:37+08:00" level=debug msg="  Fetching \"Certificate (aggregator)\"..."
time="2019-06-17T18:13:37+08:00" level=debug msg="  Generating \"Certificate (aggregator)\"..."
time="2019-06-17T18:13:37+08:00" level=debug msg="  Fetching \"Certificate (aggregator-ca-bundle)\"..."
time="2019-06-17T18:13:37+08:00" level=debug msg="    Fetching \"Certificate (aggregator-signer)\"..."
time="2019-06-17T18:13:37+08:00" level=debug msg="    Generating \"Certificate (aggregator-signer)\"..."
time="2019-06-17T18:13:38+08:00" level=debug msg="  Generating \"Certificate (aggregator-ca-bundle)\"..."
time="2019-06-17T18:13:38+08:00" level=debug msg="  Fetching \"Certificate (system:kube-apiserver-proxy)\"..."
time="2019-06-17T18:13:38+08:00" level=debug msg="    Fetching \"Certificate (aggregator-signer)\"..."
time="2019-06-17T18:13:38+08:00" level=debug msg="    Reusing previously-fetched \"Certificate (aggregator-signer)\""
time="2019-06-17T18:13:38+08:00" level=debug msg="  Generating \"Certificate (system:kube-apiserver-proxy)\"..."
time="2019-06-17T18:13:38+08:00" level=debug msg="  Fetching \"Certificate (aggregator-signer)\"..."
time="2019-06-17T18:13:38+08:00" level=debug msg="  Reusing previously-fetched \"Certificate (aggregator-signer)\""
time="2019-06-17T18:13:38+08:00" level=debug msg="  Fetching \"Certificate (system:kube-apiserver-proxy)\"..."
time="2019-06-17T18:13:38+08:00" level=debug msg="    Fetching \"Certificate (aggregator)\"..."
time="2019-06-17T18:13:38+08:00" level=debug msg="    Reusing previously-fetched \"Certificate (aggregator)\""
time="2019-06-17T18:13:38+08:00" level=debug msg="  Generating \"Certificate (system:kube-apiserver-proxy)\"..."
time="2019-06-17T18:13:38+08:00" level=debug msg="  Fetching \"Certificate (etcd-ca-bundle)\"..."
time="2019-06-17T18:13:38+08:00" level=debug msg="  Reusing previously-fetched \"Certificate (etcd-ca-bundle)\""
time="2019-06-17T18:13:38+08:00" level=debug msg="  Fetching \"Certificate (etcd-metric-ca-bundle)\"..."
time="2019-06-17T18:13:38+08:00" level=debug msg="  Reusing previously-fetched \"Certificate (etcd-metric-ca-bundle)\""
time="2019-06-17T18:13:38+08:00" level=debug msg="  Fetching \"Certificate (etcd-metric-signer)\"..."
time="2019-06-17T18:13:38+08:00" level=debug msg="  Reusing previously-fetched \"Certificate (etcd-metric-signer)\""
time="2019-06-17T18:13:38+08:00" level=debug msg="  Fetching \"Certificate (etcd-metric-signer-client)\"..."
time="2019-06-17T18:13:38+08:00" level=debug msg="  Reusing previously-fetched \"Certificate (etcd-metric-signer-client)\""
time="2019-06-17T18:13:38+08:00" level=debug msg="  Fetching \"Certificate (etcd-signer)\"..."
time="2019-06-17T18:13:38+08:00" level=debug msg="  Reusing previously-fetched \"Certificate (etcd-signer)\""
time="2019-06-17T18:13:38+08:00" level=debug msg="  Fetching \"Certificate (etcd-client)\"..."
time="2019-06-17T18:13:38+08:00" level=debug msg="  Reusing previously-fetched \"Certificate (etcd-client)\""
time="2019-06-17T18:13:38+08:00" level=debug msg="  Fetching \"Certificate (journal-gatewayd)\"..."
time="2019-06-17T18:13:38+08:00" level=debug msg="    Fetching \"Root CA\"..."
time="2019-06-17T18:13:38+08:00" level=debug msg="    Reusing previously-fetched \"Root CA\""
time="2019-06-17T18:13:38+08:00" level=debug msg="  Generating \"Certificate (journal-gatewayd)\"..."
time="2019-06-17T18:13:38+08:00" level=debug msg="  Fetching \"Certificate (kube-apiserver-lb-ca-bundle)\"..."
time="2019-06-17T18:13:38+08:00" level=debug msg="  Reusing previously-fetched \"Certificate (kube-apiserver-lb-ca-bundle)\""
time="2019-06-17T18:13:38+08:00" level=debug msg="  Fetching \"Certificate (kube-apiserver-external-lb-server)\"..."
time="2019-06-17T18:13:38+08:00" level=debug msg="    Fetching \"Certificate (kube-apiserver-lb-signer)\"..."
time="2019-06-17T18:13:38+08:00" level=debug msg="    Reusing previously-fetched \"Certificate (kube-apiserver-lb-signer)\""
time="2019-06-17T18:13:38+08:00" level=debug msg="    Fetching \"Install Config\"..."
time="2019-06-17T18:13:38+08:00" level=debug msg="    Reusing previously-fetched \"Install Config\""
time="2019-06-17T18:13:38+08:00" level=debug msg="  Generating \"Certificate (kube-apiserver-external-lb-server)\"..."
time="2019-06-17T18:13:39+08:00" level=debug msg="  Fetching \"Certificate (kube-apiserver-internal-lb-server)\"..."
time="2019-06-17T18:13:39+08:00" level=debug msg="    Fetching \"Certificate (kube-apiserver-lb-signer)\"..."
time="2019-06-17T18:13:39+08:00" level=debug msg="    Reusing previously-fetched \"Certificate (kube-apiserver-lb-signer)\""
time="2019-06-17T18:13:39+08:00" level=debug msg="    Fetching \"Install Config\"..."
time="2019-06-17T18:13:39+08:00" level=debug msg="    Reusing previously-fetched \"Install Config\""
time="2019-06-17T18:13:39+08:00" level=debug msg="  Generating \"Certificate (kube-apiserver-internal-lb-server)\"..."
time="2019-06-17T18:13:39+08:00" level=debug msg="  Fetching \"Certificate (kube-apiserver-lb-signer)\"..."
time="2019-06-17T18:13:39+08:00" level=debug msg="  Reusing previously-fetched \"Certificate (kube-apiserver-lb-signer)\""
time="2019-06-17T18:13:39+08:00" level=debug msg="  Fetching \"Certificate (kube-apiserver-localhost-ca-bundle)\"..."
time="2019-06-17T18:13:39+08:00" level=debug msg="  Reusing previously-fetched \"Certificate (kube-apiserver-localhost-ca-bundle)\""
time="2019-06-17T18:13:39+08:00" level=debug msg="  Fetching \"Certificate (kube-apiserver-localhost-server)\"..."
time="2019-06-17T18:13:39+08:00" level=debug msg="    Fetching \"Certificate (kube-apiserver-localhost-signer)\"..."
time="2019-06-17T18:13:39+08:00" level=debug msg="    Reusing previously-fetched \"Certificate (kube-apiserver-localhost-signer)\""
time="2019-06-17T18:13:39+08:00" level=debug msg="  Generating \"Certificate (kube-apiserver-localhost-server)\"..."
time="2019-06-17T18:13:40+08:00" level=debug msg="  Fetching \"Certificate (kube-apiserver-localhost-signer)\"..."
time="2019-06-17T18:13:40+08:00" level=debug msg="  Reusing previously-fetched \"Certificate (kube-apiserver-localhost-signer)\""
time="2019-06-17T18:13:40+08:00" level=debug msg="  Fetching \"Certificate (kube-apiserver-service-network-ca-bundle)\"..."
time="2019-06-17T18:13:40+08:00" level=debug msg="  Reusing previously-fetched \"Certificate (kube-apiserver-service-network-ca-bundle)\""
time="2019-06-17T18:13:40+08:00" level=debug msg="  Fetching \"Certificate (kube-apiserver-service-network-server)\"..."
time="2019-06-17T18:13:40+08:00" level=debug msg="    Fetching \"Certificate (kube-apiserver-service-network-signer)\"..."
time="2019-06-17T18:13:40+08:00" level=debug msg="    Reusing previously-fetched \"Certificate (kube-apiserver-service-network-signer)\""
time="2019-06-17T18:13:40+08:00" level=debug msg="    Fetching \"Install Config\"..."
time="2019-06-17T18:13:40+08:00" level=debug msg="    Reusing previously-fetched \"Install Config\""
time="2019-06-17T18:13:40+08:00" level=debug msg="  Generating \"Certificate (kube-apiserver-service-network-server)\"..."
time="2019-06-17T18:13:40+08:00" level=debug msg="  Fetching \"Certificate (kube-apiserver-service-network-signer)\"..."
time="2019-06-17T18:13:40+08:00" level=debug msg="  Reusing previously-fetched \"Certificate (kube-apiserver-service-network-signer)\""
time="2019-06-17T18:13:40+08:00" level=debug msg="  Fetching \"Certificate (kube-apiserver-complete-server-ca-bundle)\"..."
time="2019-06-17T18:13:40+08:00" level=debug msg="  Reusing previously-fetched \"Certificate (kube-apiserver-complete-server-ca-bundle)\""
time="2019-06-17T18:13:40+08:00" level=debug msg="  Fetching \"Certificate (kube-apiserver-complete-client-ca-bundle)\"..."
time="2019-06-17T18:13:40+08:00" level=debug msg="    Fetching \"Certificate (admin-kubeconfig-ca-bundle)\"..."
time="2019-06-17T18:13:40+08:00" level=debug msg="    Reusing previously-fetched \"Certificate (admin-kubeconfig-ca-bundle)\""
time="2019-06-17T18:13:40+08:00" level=debug msg="    Fetching \"Certificate (kubelet-client-ca-bundle)\"..."
time="2019-06-17T18:13:40+08:00" level=debug msg="      Fetching \"Certificate (kubelet-signer)\"..."
time="2019-06-17T18:13:40+08:00" level=debug msg="      Generating \"Certificate (kubelet-signer)\"..."
time="2019-06-17T18:13:40+08:00" level=debug msg="    Generating \"Certificate (kubelet-client-ca-bundle)\"..."
time="2019-06-17T18:13:40+08:00" level=debug msg="    Fetching \"Certificate (kube-control-plane-ca-bundle)\"..."
time="2019-06-17T18:13:40+08:00" level=debug msg="      Fetching \"Certificate (kube-control-plane-signer)\"..."
time="2019-06-17T18:13:40+08:00" level=debug msg="      Generating \"Certificate (kube-control-plane-signer)\"..."
time="2019-06-17T18:13:41+08:00" level=debug msg="      Fetching \"Certificate (kube-apiserver-lb-signer)\"..."
time="2019-06-17T18:13:41+08:00" level=debug msg="      Reusing previously-fetched \"Certificate (kube-apiserver-lb-signer)\""
time="2019-06-17T18:13:41+08:00" level=debug msg="      Fetching \"Certificate (kube-apiserver-localhost-signer)\"..."
time="2019-06-17T18:13:41+08:00" level=debug msg="      Reusing previously-fetched \"Certificate (kube-apiserver-localhost-signer)\""
time="2019-06-17T18:13:41+08:00" level=debug msg="      Fetching \"Certificate (kube-apiserver-service-network-signer)\"..."
time="2019-06-17T18:13:41+08:00" level=debug msg="      Reusing previously-fetched \"Certificate (kube-apiserver-service-network-signer)\""
time="2019-06-17T18:13:41+08:00" level=debug msg="    Generating \"Certificate (kube-control-plane-ca-bundle)\"..."
time="2019-06-17T18:13:41+08:00" level=debug msg="    Fetching \"Certificate (kube-apiserver-to-kubelet-ca-bundle)\"..."
time="2019-06-17T18:13:41+08:00" level=debug msg="      Fetching \"Certificate (kube-apiserver-to-kubelet-signer)\"..."
time="2019-06-17T18:13:41+08:00" level=debug msg="      Generating \"Certificate (kube-apiserver-to-kubelet-signer)\"..."
time="2019-06-17T18:13:41+08:00" level=debug msg="    Generating \"Certificate (kube-apiserver-to-kubelet-ca-bundle)\"..."
time="2019-06-17T18:13:41+08:00" level=debug msg="    Fetching \"Certificate (kubelet-bootstrap-kubeconfig-ca-bundle)\"..."
time="2019-06-17T18:13:41+08:00" level=debug msg="      Fetching \"Certificate (kubelet-bootstrap-kubeconfig-signer)\"..."
time="2019-06-17T18:13:41+08:00" level=debug msg="      Reusing previously-fetched \"Certificate (kubelet-bootstrap-kubeconfig-signer)\""
time="2019-06-17T18:13:41+08:00" level=debug msg="    Generating \"Certificate (kubelet-bootstrap-kubeconfig-ca-bundle)\"..."
time="2019-06-17T18:13:41+08:00" level=debug msg="  Generating \"Certificate (kube-apiserver-complete-client-ca-bundle)\"..."
time="2019-06-17T18:13:41+08:00" level=debug msg="  Fetching \"Certificate (kube-apiserver-to-kubelet-ca-bundle)\"..."
time="2019-06-17T18:13:41+08:00" level=debug msg="  Reusing previously-fetched \"Certificate (kube-apiserver-to-kubelet-ca-bundle)\""
time="2019-06-17T18:13:41+08:00" level=debug msg="  Fetching \"Certificate (kube-apiserver-to-kubelet-client)\"..."
time="2019-06-17T18:13:41+08:00" level=debug msg="    Fetching \"Certificate (kube-apiserver-to-kubelet-signer)\"..."
time="2019-06-17T18:13:41+08:00" level=debug msg="    Reusing previously-fetched \"Certificate (kube-apiserver-to-kubelet-signer)\""
time="2019-06-17T18:13:41+08:00" level=debug msg="  Generating \"Certificate (kube-apiserver-to-kubelet-client)\"..."
time="2019-06-17T18:13:41+08:00" level=debug msg="  Fetching \"Certificate (kube-apiserver-to-kubelet-signer)\"..."
time="2019-06-17T18:13:41+08:00" level=debug msg="  Reusing previously-fetched \"Certificate (kube-apiserver-to-kubelet-signer)\""
time="2019-06-17T18:13:41+08:00" level=debug msg="  Fetching \"Certificate (kube-control-plane-ca-bundle)\"..."
time="2019-06-17T18:13:41+08:00" level=debug msg="  Reusing previously-fetched \"Certificate (kube-control-plane-ca-bundle)\""
time="2019-06-17T18:13:41+08:00" level=debug msg="  Fetching \"Certificate (kube-control-plane-kube-controller-manager-client)\"..."
time="2019-06-17T18:13:41+08:00" level=debug msg="    Fetching \"Certificate (kube-control-plane-signer)\"..."
time="2019-06-17T18:13:41+08:00" level=debug msg="    Reusing previously-fetched \"Certificate (kube-control-plane-signer)\""
time="2019-06-17T18:13:41+08:00" level=debug msg="  Generating \"Certificate (kube-control-plane-kube-controller-manager-client)\"..."
time="2019-06-17T18:13:42+08:00" level=debug msg="  Fetching \"Certificate (kube-control-plane-kube-scheduler-client)\"..."
time="2019-06-17T18:13:42+08:00" level=debug msg="    Fetching \"Certificate (kube-control-plane-signer)\"..."
time="2019-06-17T18:13:42+08:00" level=debug msg="    Reusing previously-fetched \"Certificate (kube-control-plane-signer)\""
time="2019-06-17T18:13:42+08:00" level=debug msg="  Generating \"Certificate (kube-control-plane-kube-scheduler-client)\"..."
time="2019-06-17T18:13:42+08:00" level=debug msg="  Fetching \"Certificate (kube-control-plane-signer)\"..."
time="2019-06-17T18:13:42+08:00" level=debug msg="  Reusing previously-fetched \"Certificate (kube-control-plane-signer)\""
time="2019-06-17T18:13:42+08:00" level=debug msg="  Fetching \"Certificate (kubelet-bootstrap-kubeconfig-ca-bundle)\"..."
time="2019-06-17T18:13:42+08:00" level=debug msg="  Reusing previously-fetched \"Certificate (kubelet-bootstrap-kubeconfig-ca-bundle)\""
time="2019-06-17T18:13:42+08:00" level=debug msg="  Fetching \"Certificate (kubelet-client-ca-bundle)\"..."
time="2019-06-17T18:13:42+08:00" level=debug msg="  Reusing previously-fetched \"Certificate (kubelet-client-ca-bundle)\""
time="2019-06-17T18:13:42+08:00" level=debug msg="  Fetching \"Certificate (kubelet-client)\"..."
time="2019-06-17T18:13:42+08:00" level=debug msg="  Reusing previously-fetched \"Certificate (kubelet-client)\""
time="2019-06-17T18:13:42+08:00" level=debug msg="  Fetching \"Certificate (kubelet-signer)\"..."
time="2019-06-17T18:13:42+08:00" level=debug msg="  Reusing previously-fetched \"Certificate (kubelet-signer)\""
time="2019-06-17T18:13:42+08:00" level=debug msg="  Fetching \"Certificate (kubelet-serving-ca-bundle)\"..."
time="2019-06-17T18:13:42+08:00" level=debug msg="    Fetching \"Certificate (kubelet-signer)\"..."
time="2019-06-17T18:13:42+08:00" level=debug msg="    Reusing previously-fetched \"Certificate (kubelet-signer)\""
time="2019-06-17T18:13:42+08:00" level=debug msg="  Generating \"Certificate (kubelet-serving-ca-bundle)\"..."
time="2019-06-17T18:13:42+08:00" level=debug msg="  Fetching \"Certificate (mcs)\"..."
time="2019-06-17T18:13:42+08:00" level=debug msg="  Reusing previously-fetched \"Certificate (mcs)\""
time="2019-06-17T18:13:42+08:00" level=debug msg="  Fetching \"Root CA\"..."
time="2019-06-17T18:13:42+08:00" level=debug msg="  Reusing previously-fetched \"Root CA\""
time="2019-06-17T18:13:42+08:00" level=debug msg="  Fetching \"Key Pair (service-account.pub)\"..."
time="2019-06-17T18:13:42+08:00" level=debug msg="  Generating \"Key Pair (service-account.pub)\"..."
time="2019-06-17T18:13:42+08:00" level=debug msg="Generating \"Bootstrap Ignition Config\"..."
time="2019-06-17T18:13:42+08:00" level=debug msg="Using internal constant for release image quay.io/openshift-release-dev/ocp-release@sha256:b8307ac0f3ec4ac86c3f3b52846425205022da52c16f56ec31cbe428501001d6"
time="2019-06-17T18:13:42+08:00" level=debug msg="Fetching \"Metadata\"..."
time="2019-06-17T18:13:42+08:00" level=debug msg="Loading \"Metadata\"..."
time="2019-06-17T18:13:42+08:00" level=debug msg="  Loading \"Cluster ID\"..."
time="2019-06-17T18:13:42+08:00" level=debug msg="  Loading \"Install Config\"..."
time="2019-06-17T18:13:42+08:00" level=debug msg="  Fetching \"Cluster ID\"..."
time="2019-06-17T18:13:42+08:00" level=debug msg="  Reusing previously-fetched \"Cluster ID\""
time="2019-06-17T18:13:42+08:00" level=debug msg="  Fetching \"Install Config\"..."
time="2019-06-17T18:13:42+08:00" level=debug msg="  Reusing previously-fetched \"Install Config\""
time="2019-06-17T18:13:42+08:00" level=debug msg="Generating \"Metadata\"..."
